<?xml version="1.0" encoding="UTF-8"?>
<!-- Generated by org.testng.reporters.JUnitXMLReporter -->
<testsuite hostname="DESKTOP-0BUJ7PH" ignored="0" name="Performance Test - Opera" tests="103" failures="3" timestamp="19 Jun 2019 05:29:11 GMT" time="2732.292" errors="0">
  <testcase name="testApp" time="50.281" classname="selenium.PerformanceTest">
    <failure type="org.openqa.selenium.ScriptTimeoutException" message="script timeout: result was not received in 30 seconds
  (Session info: chrome with embedded Chromium 73.0.3683.103)
  (Driver info: OperaDriver=2.45.3255 (O60),platform=Windows NT 10.0.17763 x86_64) (WARNING: The server did not provide any stacktrace information)
Command duration or timeout: 0 milliseconds
Build info: version: &amp;apos;3.141.59&amp;apos;, revision: &amp;apos;e82be7d358&amp;apos;, time: &amp;apos;2018-11-14T08:17:03&amp;apos;
System info: host: &amp;apos;DESKTOP-0BUJ7PH&amp;apos;, ip: &amp;apos;10.0.75.1&amp;apos;, os.name: &amp;apos;Windows 10&amp;apos;, os.arch: &amp;apos;amd64&amp;apos;, os.version: &amp;apos;10.0&amp;apos;, java.version: &amp;apos;1.8.0_201&amp;apos;
Driver info: org.openqa.selenium.opera.OperaDriver
Capabilities {acceptInsecureCerts: false, acceptSslCerts: false, applicationCacheEnabled: false, browserConnectionEnabled: false, browserName: chrome, chrome: {chromedriverVersion: 2.45.3255 (O60), userDataDir: C:\Users\derek\AppData\Loca...}, cssSelectorsEnabled: true, databaseEnabled: false, goog:chromeOptions: {debuggerAddress: localhost:62606}, handlesAlerts: true, hasTouchScreen: false, javascriptEnabled: true, locationContextEnabled: true, mobileEmulationEnabled: false, nativeEvents: true, networkConnectionEnabled: false, pageLoadStrategy: normal, platform: XP, platformName: XP, proxy: Proxy(), rotatable: false, setWindowRect: true, strictFileInteractability: false, takesHeapSnapshot: true, takesScreenshot: true, timeouts: {implicit: 0, pageLoad: 300000, script: 30000}, unexpectedAlertBehaviour: ignore, unhandledPromptBehavior: ignore, version: 73.0.3683.103, webStorageEnabled: true}
Session ID: 18fefe7068fcec169914100814ef6296">
      <![CDATA[org.openqa.selenium.ScriptTimeoutException: script timeout: result was not received in 30 seconds
  (Session info: chrome with embedded Chromium 73.0.3683.103)
  (Driver info: OperaDriver=2.45.3255 (O60),platform=Windows NT 10.0.17763 x86_64) (WARNING: The server did not provide any stacktrace information)
Command duration or timeout: 0 milliseconds
Build info: version: '3.141.59', revision: 'e82be7d358', time: '2018-11-14T08:17:03'
System info: host: 'DESKTOP-0BUJ7PH', ip: '10.0.75.1', os.name: 'Windows 10', os.arch: 'amd64', os.version: '10.0', java.version: '1.8.0_201'
Driver info: org.openqa.selenium.opera.OperaDriver
Capabilities {acceptInsecureCerts: false, acceptSslCerts: false, applicationCacheEnabled: false, browserConnectionEnabled: false, browserName: chrome, chrome: {chromedriverVersion: 2.45.3255 (O60), userDataDir: C:\Users\derek\AppData\Loca...}, cssSelectorsEnabled: true, databaseEnabled: false, goog:chromeOptions: {debuggerAddress: localhost:62606}, handlesAlerts: true, hasTouchScreen: false, javascriptEnabled: true, locationContextEnabled: true, mobileEmulationEnabled: false, nativeEvents: true, networkConnectionEnabled: false, pageLoadStrategy: normal, platform: XP, platformName: XP, proxy: Proxy(), rotatable: false, setWindowRect: true, strictFileInteractability: false, takesHeapSnapshot: true, takesScreenshot: true, timeouts: {implicit: 0, pageLoad: 300000, script: 30000}, unexpectedAlertBehaviour: ignore, unhandledPromptBehavior: ignore, version: 73.0.3683.103, webStorageEnabled: true}
Session ID: 18fefe7068fcec169914100814ef6296
at org.openqa.selenium.remote.ErrorHandler.createThrowable(ErrorHandler.java:214)
at org.openqa.selenium.remote.ErrorHandler.throwIfResponseFailed(ErrorHandler.java:166)
at org.openqa.selenium.remote.http.JsonHttpResponseCodec.reconstructValue(JsonHttpResponseCodec.java:40)
at org.openqa.selenium.remote.http.AbstractHttpResponseCodec.decode(AbstractHttpResponseCodec.java:80)
at org.openqa.selenium.remote.http.AbstractHttpResponseCodec.decode(AbstractHttpResponseCodec.java:44)
at org.openqa.selenium.remote.HttpCommandExecutor.execute(HttpCommandExecutor.java:158)
at org.openqa.selenium.remote.service.DriverCommandExecutor.execute(DriverCommandExecutor.java:83)
at org.openqa.selenium.remote.RemoteWebDriver.execute(RemoteWebDriver.java:552)
at org.openqa.selenium.remote.RemoteWebDriver.executeAsyncScript(RemoteWebDriver.java:506)
at com.paulhammant.ngwebdriver.NgWebDriver.waitForAngularRequestsToFinish(NgWebDriver.java:68)
at selenium.PageDriver.waitForBrowser(PageDriver.java:77)
at selenium.PageDriver.navigateTo(PageDriver.java:30)
at selenium.PerformanceTest.testApp(PerformanceTest.java:66)
at java.util.concurrent.FutureTask.run(FutureTask.java:266)
at java.util.concurrent.ThreadPoolExecutor.runWorker(ThreadPoolExecutor.java:1149)
at java.util.concurrent.ThreadPoolExecutor$Worker.run(ThreadPoolExecutor.java:624)
at java.lang.Thread.run(Thread.java:748)
... Removed 19 stack frames]]>
    </failure>
  </testcase> <!-- testApp -->
  <testcase name="testApp" time="70.67" classname="selenium.PerformanceTest"/>
  <testcase name="testApp" time="46.013" classname="selenium.PerformanceTest"/>
  <testcase name="testApp" time="29.07" classname="selenium.PerformanceTest"/>
  <testcase name="testApp" time="39.101" classname="selenium.PerformanceTest"/>
  <testcase name="testApp" time="9.294" classname="selenium.PerformanceTest"/>
  <testcase name="testApp" time="26.557" classname="selenium.PerformanceTest"/>
  <testcase name="testApp" time="84.697" classname="selenium.PerformanceTest"/>
  <testcase name="testApp" time="34.297" classname="selenium.PerformanceTest"/>
  <testcase name="testApp" time="37.022" classname="selenium.PerformanceTest"/>
  <testcase name="testApp" time="50.334" classname="selenium.PerformanceTest"/>
  <testcase name="testApp" time="67.975" classname="selenium.PerformanceTest"/>
  <testcase name="testApp" time="20.343" classname="selenium.PerformanceTest"/>
  <testcase name="testApp" time="16.509" classname="selenium.PerformanceTest"/>
  <testcase name="testApp" time="27.54" classname="selenium.PerformanceTest"/>
  <testcase name="testApp" time="303.171" classname="selenium.PerformanceTest">
    <failure type="org.openqa.selenium.TimeoutException" message="timeout
  (Session info: chrome with embedded Chromium 73.0.3683.103)
  (Driver info: OperaDriver=2.45.3255 (O60),platform=Windows NT 10.0.17763 x86_64) (WARNING: The server did not provide any stacktrace information)
Command duration or timeout: 0 milliseconds
Build info: version: &amp;apos;3.141.59&amp;apos;, revision: &amp;apos;e82be7d358&amp;apos;, time: &amp;apos;2018-11-14T08:17:03&amp;apos;
System info: host: &amp;apos;DESKTOP-0BUJ7PH&amp;apos;, ip: &amp;apos;10.0.75.1&amp;apos;, os.name: &amp;apos;Windows 10&amp;apos;, os.arch: &amp;apos;amd64&amp;apos;, os.version: &amp;apos;10.0&amp;apos;, java.version: &amp;apos;1.8.0_201&amp;apos;
Driver info: org.openqa.selenium.opera.OperaDriver
Capabilities {acceptInsecureCerts: false, acceptSslCerts: false, applicationCacheEnabled: false, browserConnectionEnabled: false, browserName: chrome, chrome: {chromedriverVersion: 2.45.3255 (O60), userDataDir: C:\Users\derek\AppData\Loca...}, cssSelectorsEnabled: true, databaseEnabled: false, goog:chromeOptions: {debuggerAddress: localhost:59986}, handlesAlerts: true, hasTouchScreen: false, javascriptEnabled: true, locationContextEnabled: true, mobileEmulationEnabled: false, nativeEvents: true, networkConnectionEnabled: false, pageLoadStrategy: normal, platform: XP, platformName: XP, proxy: Proxy(), rotatable: false, setWindowRect: true, strictFileInteractability: false, takesHeapSnapshot: true, takesScreenshot: true, timeouts: {implicit: 0, pageLoad: 300000, script: 30000}, unexpectedAlertBehaviour: ignore, unhandledPromptBehavior: ignore, version: 73.0.3683.103, webStorageEnabled: true}
Session ID: 91fe76ac958f5a1838f21bc9c612ced8">
      <![CDATA[org.openqa.selenium.TimeoutException: timeout
  (Session info: chrome with embedded Chromium 73.0.3683.103)
  (Driver info: OperaDriver=2.45.3255 (O60),platform=Windows NT 10.0.17763 x86_64) (WARNING: The server did not provide any stacktrace information)
Command duration or timeout: 0 milliseconds
Build info: version: '3.141.59', revision: 'e82be7d358', time: '2018-11-14T08:17:03'
System info: host: 'DESKTOP-0BUJ7PH', ip: '10.0.75.1', os.name: 'Windows 10', os.arch: 'amd64', os.version: '10.0', java.version: '1.8.0_201'
Driver info: org.openqa.selenium.opera.OperaDriver
Capabilities {acceptInsecureCerts: false, acceptSslCerts: false, applicationCacheEnabled: false, browserConnectionEnabled: false, browserName: chrome, chrome: {chromedriverVersion: 2.45.3255 (O60), userDataDir: C:\Users\derek\AppData\Loca...}, cssSelectorsEnabled: true, databaseEnabled: false, goog:chromeOptions: {debuggerAddress: localhost:59986}, handlesAlerts: true, hasTouchScreen: false, javascriptEnabled: true, locationContextEnabled: true, mobileEmulationEnabled: false, nativeEvents: true, networkConnectionEnabled: false, pageLoadStrategy: normal, platform: XP, platformName: XP, proxy: Proxy(), rotatable: false, setWindowRect: true, strictFileInteractability: false, takesHeapSnapshot: true, takesScreenshot: true, timeouts: {implicit: 0, pageLoad: 300000, script: 30000}, unexpectedAlertBehaviour: ignore, unhandledPromptBehavior: ignore, version: 73.0.3683.103, webStorageEnabled: true}
Session ID: 91fe76ac958f5a1838f21bc9c612ced8
at org.openqa.selenium.remote.ErrorHandler.createThrowable(ErrorHandler.java:214)
at org.openqa.selenium.remote.ErrorHandler.throwIfResponseFailed(ErrorHandler.java:166)
at org.openqa.selenium.remote.http.JsonHttpResponseCodec.reconstructValue(JsonHttpResponseCodec.java:40)
at org.openqa.selenium.remote.http.AbstractHttpResponseCodec.decode(AbstractHttpResponseCodec.java:80)
at org.openqa.selenium.remote.http.AbstractHttpResponseCodec.decode(AbstractHttpResponseCodec.java:44)
at org.openqa.selenium.remote.HttpCommandExecutor.execute(HttpCommandExecutor.java:158)
at org.openqa.selenium.remote.service.DriverCommandExecutor.execute(DriverCommandExecutor.java:83)
at org.openqa.selenium.remote.RemoteWebDriver.execute(RemoteWebDriver.java:552)
at org.openqa.selenium.remote.RemoteWebDriver.get(RemoteWebDriver.java:277)
at org.openqa.selenium.remote.RemoteWebDriver$RemoteNavigation.to(RemoteWebDriver.java:857)
at selenium.PageDriver.navigateTo(PageDriver.java:29)
at selenium.PerformanceTest.testApp(PerformanceTest.java:66)
at java.util.concurrent.FutureTask.run(FutureTask.java:266)
at java.util.concurrent.ThreadPoolExecutor.runWorker(ThreadPoolExecutor.java:1149)
at java.util.concurrent.ThreadPoolExecutor$Worker.run(ThreadPoolExecutor.java:624)
at java.lang.Thread.run(Thread.java:748)
... Removed 19 stack frames]]>
    </failure>
  </testcase> <!-- testApp -->
  <testcase name="testApp" time="24.845" classname="selenium.PerformanceTest"/>
  <testcase name="testApp" time="28.53" classname="selenium.PerformanceTest"/>
  <testcase name="testApp" time="25.797" classname="selenium.PerformanceTest"/>
  <testcase name="testApp" time="9.647" classname="selenium.PerformanceTest"/>
  <testcase name="testApp" time="59.46" classname="selenium.PerformanceTest"/>
  <testcase name="testApp" time="40.788" classname="selenium.PerformanceTest"/>
  <testcase name="testApp" time="8.24" classname="selenium.PerformanceTest"/>
  <testcase name="testApp" time="30.382" classname="selenium.PerformanceTest"/>
  <testcase name="testApp" time="39.153" classname="selenium.PerformanceTest"/>
  <testcase name="testApp" time="26.864" classname="selenium.PerformanceTest"/>
  <testcase name="testApp" time="24.32" classname="selenium.PerformanceTest"/>
  <testcase name="testApp" time="12.864" classname="selenium.PerformanceTest"/>
  <testcase name="testApp" time="13.84" classname="selenium.PerformanceTest"/>
  <testcase name="testApp" time="30.618" classname="selenium.PerformanceTest"/>
  <testcase name="testApp" time="26.916" classname="selenium.PerformanceTest"/>
  <testcase name="testApp" time="303.419" classname="selenium.PerformanceTest">
    <failure type="org.openqa.selenium.TimeoutException" message="timeout
  (Session info: chrome with embedded Chromium 73.0.3683.103)
  (Driver info: OperaDriver=2.45.3255 (O60),platform=Windows NT 10.0.17763 x86_64) (WARNING: The server did not provide any stacktrace information)
Command duration or timeout: 0 milliseconds
Build info: version: &amp;apos;3.141.59&amp;apos;, revision: &amp;apos;e82be7d358&amp;apos;, time: &amp;apos;2018-11-14T08:17:03&amp;apos;
System info: host: &amp;apos;DESKTOP-0BUJ7PH&amp;apos;, ip: &amp;apos;10.0.75.1&amp;apos;, os.name: &amp;apos;Windows 10&amp;apos;, os.arch: &amp;apos;amd64&amp;apos;, os.version: &amp;apos;10.0&amp;apos;, java.version: &amp;apos;1.8.0_201&amp;apos;
Driver info: org.openqa.selenium.opera.OperaDriver
Capabilities {acceptInsecureCerts: false, acceptSslCerts: false, applicationCacheEnabled: false, browserConnectionEnabled: false, browserName: chrome, chrome: {chromedriverVersion: 2.45.3255 (O60), userDataDir: C:\Users\derek\AppData\Loca...}, cssSelectorsEnabled: true, databaseEnabled: false, goog:chromeOptions: {debuggerAddress: localhost:61791}, handlesAlerts: true, hasTouchScreen: false, javascriptEnabled: true, locationContextEnabled: true, mobileEmulationEnabled: false, nativeEvents: true, networkConnectionEnabled: false, pageLoadStrategy: normal, platform: XP, platformName: XP, proxy: Proxy(), rotatable: false, setWindowRect: true, strictFileInteractability: false, takesHeapSnapshot: true, takesScreenshot: true, timeouts: {implicit: 0, pageLoad: 300000, script: 30000}, unexpectedAlertBehaviour: ignore, unhandledPromptBehavior: ignore, version: 73.0.3683.103, webStorageEnabled: true}
Session ID: b0bc1e2c4664dfd4ec3abf994749b687">
      <![CDATA[org.openqa.selenium.TimeoutException: timeout
  (Session info: chrome with embedded Chromium 73.0.3683.103)
  (Driver info: OperaDriver=2.45.3255 (O60),platform=Windows NT 10.0.17763 x86_64) (WARNING: The server did not provide any stacktrace information)
Command duration or timeout: 0 milliseconds
Build info: version: '3.141.59', revision: 'e82be7d358', time: '2018-11-14T08:17:03'
System info: host: 'DESKTOP-0BUJ7PH', ip: '10.0.75.1', os.name: 'Windows 10', os.arch: 'amd64', os.version: '10.0', java.version: '1.8.0_201'
Driver info: org.openqa.selenium.opera.OperaDriver
Capabilities {acceptInsecureCerts: false, acceptSslCerts: false, applicationCacheEnabled: false, browserConnectionEnabled: false, browserName: chrome, chrome: {chromedriverVersion: 2.45.3255 (O60), userDataDir: C:\Users\derek\AppData\Loca...}, cssSelectorsEnabled: true, databaseEnabled: false, goog:chromeOptions: {debuggerAddress: localhost:61791}, handlesAlerts: true, hasTouchScreen: false, javascriptEnabled: true, locationContextEnabled: true, mobileEmulationEnabled: false, nativeEvents: true, networkConnectionEnabled: false, pageLoadStrategy: normal, platform: XP, platformName: XP, proxy: Proxy(), rotatable: false, setWindowRect: true, strictFileInteractability: false, takesHeapSnapshot: true, takesScreenshot: true, timeouts: {implicit: 0, pageLoad: 300000, script: 30000}, unexpectedAlertBehaviour: ignore, unhandledPromptBehavior: ignore, version: 73.0.3683.103, webStorageEnabled: true}
Session ID: b0bc1e2c4664dfd4ec3abf994749b687
at org.openqa.selenium.remote.ErrorHandler.createThrowable(ErrorHandler.java:214)
at org.openqa.selenium.remote.ErrorHandler.throwIfResponseFailed(ErrorHandler.java:166)
at org.openqa.selenium.remote.http.JsonHttpResponseCodec.reconstructValue(JsonHttpResponseCodec.java:40)
at org.openqa.selenium.remote.http.AbstractHttpResponseCodec.decode(AbstractHttpResponseCodec.java:80)
at org.openqa.selenium.remote.http.AbstractHttpResponseCodec.decode(AbstractHttpResponseCodec.java:44)
at org.openqa.selenium.remote.HttpCommandExecutor.execute(HttpCommandExecutor.java:158)
at org.openqa.selenium.remote.service.DriverCommandExecutor.execute(DriverCommandExecutor.java:83)
at org.openqa.selenium.remote.RemoteWebDriver.execute(RemoteWebDriver.java:552)
at org.openqa.selenium.remote.RemoteWebDriver.get(RemoteWebDriver.java:277)
at org.openqa.selenium.remote.RemoteWebDriver$RemoteNavigation.to(RemoteWebDriver.java:857)
at selenium.PageDriver.navigateTo(PageDriver.java:29)
at selenium.PerformanceTest.testApp(PerformanceTest.java:66)
at java.util.concurrent.FutureTask.run(FutureTask.java:266)
at java.util.concurrent.ThreadPoolExecutor.runWorker(ThreadPoolExecutor.java:1149)
at java.util.concurrent.ThreadPoolExecutor$Worker.run(ThreadPoolExecutor.java:624)
at java.lang.Thread.run(Thread.java:748)
... Removed 19 stack frames]]>
    </failure>
  </testcase> <!-- testApp -->
  <testcase name="testApp" time="14.796" classname="selenium.PerformanceTest"/>
  <testcase name="testApp" time="18.97" classname="selenium.PerformanceTest"/>
  <testcase name="testApp" time="12.391" classname="selenium.PerformanceTest"/>
  <testcase name="testApp" time="15.165" classname="selenium.PerformanceTest"/>
  <testcase name="testApp" time="8.469" classname="selenium.PerformanceTest"/>
  <testcase name="testApp" time="9.877" classname="selenium.PerformanceTest"/>
  <testcase name="testApp" time="8.378" classname="selenium.PerformanceTest"/>
  <testcase name="testApp" time="8.252" classname="selenium.PerformanceTest"/>
  <testcase name="testApp" time="11.366" classname="selenium.PerformanceTest"/>
  <testcase name="testApp" time="20.777" classname="selenium.PerformanceTest"/>
  <testcase name="testApp" time="29.832" classname="selenium.PerformanceTest"/>
  <testcase name="testApp" time="13.738" classname="selenium.PerformanceTest"/>
  <testcase name="testApp" time="12.965" classname="selenium.PerformanceTest"/>
  <testcase name="testApp" time="19.899" classname="selenium.PerformanceTest"/>
  <testcase name="testApp" time="11.158" classname="selenium.PerformanceTest"/>
  <testcase name="testApp" time="10.444" classname="selenium.PerformanceTest"/>
  <testcase name="testApp" time="35.118" classname="selenium.PerformanceTest"/>
  <testcase name="testApp" time="9.023" classname="selenium.PerformanceTest"/>
  <testcase name="testApp" time="60.871" classname="selenium.PerformanceTest"/>
  <testcase name="testApp" time="16.599" classname="selenium.PerformanceTest"/>
  <testcase name="testApp" time="17.524" classname="selenium.PerformanceTest"/>
  <testcase name="testApp" time="6.662" classname="selenium.PerformanceTest"/>
  <testcase name="testApp" time="38.396" classname="selenium.PerformanceTest"/>
  <testcase name="testApp" time="9.812" classname="selenium.PerformanceTest"/>
  <testcase name="testApp" time="10.651" classname="selenium.PerformanceTest"/>
  <testcase name="testApp" time="9.927" classname="selenium.PerformanceTest"/>
  <testcase name="testApp" time="12.723" classname="selenium.PerformanceTest"/>
  <testcase name="testApp" time="22.325" classname="selenium.PerformanceTest"/>
  <testcase name="testApp" time="18.234" classname="selenium.PerformanceTest"/>
  <testcase name="testApp" time="16.74" classname="selenium.PerformanceTest"/>
  <testcase name="testApp" time="18.475" classname="selenium.PerformanceTest"/>
  <testcase name="testApp" time="14.329" classname="selenium.PerformanceTest"/>
  <testcase name="testApp" time="11.986" classname="selenium.PerformanceTest"/>
  <testcase name="testApp" time="9.073" classname="selenium.PerformanceTest"/>
  <testcase name="testApp" time="8.173" classname="selenium.PerformanceTest"/>
  <testcase name="testApp" time="17.013" classname="selenium.PerformanceTest"/>
  <testcase name="testApp" time="17.874" classname="selenium.PerformanceTest"/>
  <testcase name="testApp" time="18.687" classname="selenium.PerformanceTest"/>
  <testcase name="testApp" time="9.884" classname="selenium.PerformanceTest"/>
  <testcase name="testApp" time="11.493" classname="selenium.PerformanceTest"/>
  <testcase name="testApp" time="13.058" classname="selenium.PerformanceTest"/>
  <testcase name="testApp" time="12.537" classname="selenium.PerformanceTest"/>
  <testcase name="testApp" time="18.55" classname="selenium.PerformanceTest"/>
  <testcase name="testApp" time="14.452" classname="selenium.PerformanceTest"/>
  <testcase name="testApp" time="10.421" classname="selenium.PerformanceTest"/>
  <testcase name="testApp" time="10.758" classname="selenium.PerformanceTest"/>
  <testcase name="testApp" time="12.144" classname="selenium.PerformanceTest"/>
  <testcase name="testApp" time="13.403" classname="selenium.PerformanceTest"/>
  <testcase name="testApp" time="21.615" classname="selenium.PerformanceTest"/>
  <testcase name="testApp" time="20.668" classname="selenium.PerformanceTest"/>
  <testcase name="testApp" time="14.966" classname="selenium.PerformanceTest"/>
  <testcase name="testApp" time="13.788" classname="selenium.PerformanceTest"/>
  <testcase name="testApp" time="18.643" classname="selenium.PerformanceTest"/>
  <testcase name="testApp" time="8.164" classname="selenium.PerformanceTest"/>
  <testcase name="testApp" time="12.653" classname="selenium.PerformanceTest"/>
  <testcase name="testApp" time="8.946" classname="selenium.PerformanceTest"/>
  <testcase name="testApp" time="10.278" classname="selenium.PerformanceTest"/>
  <testcase name="testApp" time="14.99" classname="selenium.PerformanceTest"/>
  <testcase name="testApp" time="12.076" classname="selenium.PerformanceTest"/>
  <testcase name="testApp" time="15.695" classname="selenium.PerformanceTest"/>
  <testcase name="testApp" time="30.187" classname="selenium.PerformanceTest"/>
  <testcase name="testApp" time="11.103" classname="selenium.PerformanceTest"/>
  <testcase name="testApp" time="15.856" classname="selenium.PerformanceTest"/>
  <testcase name="testApp" time="25.492" classname="selenium.PerformanceTest"/>
  <testcase name="testApp" time="26.821" classname="selenium.PerformanceTest"/>
  <testcase name="testApp" time="14.46" classname="selenium.PerformanceTest"/>
  <testcase name="testApp" time="12.657" classname="selenium.PerformanceTest"/>
  <testcase name="testApp" time="12.471" classname="selenium.PerformanceTest"/>
  <testcase name="testApp" time="10.103" classname="selenium.PerformanceTest"/>
  <testcase name="testApp" time="14.468" classname="selenium.PerformanceTest"/>
  <testcase name="testApp" time="14.126" classname="selenium.PerformanceTest"/>
</testsuite> <!-- Performance Test - Opera -->
